<?xml version="1.0" encoding="UTF-8"?>
<!-- Generated by org.testng.reporters.JUnitReportReporter -->
<testsuite hostname="LAPTOP-0062FF7B" failures="0" tests="1" name="com.Gooogle.tests.GoogleHomePageTest" time="1.660" errors="0" timestamp="2022-09-12T18:22:53 IST" skipped="0">
  <testcase classname="com.Gooogle.tests.GoogleHomePageTest" name="verifyGooglePageTittle" time="1.660"/>
  <system-out/>
</testsuite> <!-- com.Gooogle.tests.GoogleHomePageTest -->
